<?xml version="1.0" encoding="UTF-8"?>
<!-- Generated by org.testng.reporters.JUnitReportReporter -->
<testsuite hostname="Dell" failures="0" tests="1" name="PracticeTC.TC_30withAssert" time="26.100" errors="0" timestamp="2021-10-08T11:09:50 IST" skipped="0">
  <testcase classname="PracticeTC.TC_30withAssert" name="tC_30" time="26.100"/>
  <system-out/>
</testsuite> <!-- PracticeTC.TC_30withAssert -->
